<?xml version="1.0" encoding="UTF-8"?>
<!-- Generated by org.testng.reporters.JUnitXMLReporter -->
<testsuite ignored="1" hostname="LAPTOP-3I1HTUO8" failures="0" tests="2" name="Test2" time="11.374" errors="0" timestamp="2025-04-02T17:27:38 IST">
  <testcase classname="selenjenk.seleniumjenkinss" name="testindiapost" time="3.012"/>
  <testcase classname="selenjenk.seleniumjenkinss" name="google" time="8.304"/>
  <testcase classname="selenjenk.seleniumjenkinss" name="testGoogle" time="0.0">
    <ignored/>
  </testcase> <!-- testGoogle -->
</testsuite> <!-- Test2 -->
