<?xml version="1.0" encoding="UTF-8"?>
<!-- Generated by org.testng.reporters.JUnitXMLReporter -->
<testsuite ignored="0" hostname="LAPTOP-3I1HTUO8" failures="0" tests="3" name="Test1" time="10.217" errors="0" timestamp="2025-04-03T11:59:03 IST">
  <testcase classname="selenjenk.seleniumjenkinss" name="google" time="7.385"/>
  <testcase classname="selenjenk.seleniumjenkinss" name="testGoogle" time="0.732"/>
  <testcase classname="selenjenk.seleniumjenkinss" name="testIndiapost" time="0.149"/>
</testsuite> <!-- Test1 -->
