<?xml version="1.0" encoding="UTF-8"?>
<!-- Generated by org.testng.reporters.JUnitXMLReporter -->
<testsuite ignored="2" hostname="LAPTOP-3I1HTUO8" failures="0" tests="1" name="Test2" time="3.998" errors="0" timestamp="2025-04-03T15:25:08 IST">
  <testcase classname="selenium_jenkins.jenkinsselenium" name="testIndiapost" time="2.453"/>
  <testcase classname="selenium_jenkins.jenkinsselenium" name="testGoogle" time="0.0">
    <ignored/>
  </testcase> <!-- testGoogle -->
  <testcase classname="selenium_jenkins.jenkinsselenium" name="google" time="0.0">
    <ignored/>
  </testcase> <!-- google -->
</testsuite> <!-- Test2 -->
