<?xml version="1.0" encoding="UTF-8"?>
<!-- Generated by org.testng.reporters.JUnitXMLReporter -->
<testsuite ignored="2" hostname="LAPTOP-3I1HTUO8" failures="0" tests="1" name="Test1" time="8.61" errors="0" timestamp="2025-04-03T11:37:31 IST">
  <testcase classname="selenjenk.seleniumjenkinss" name="google" time="7.417"/>
  <testcase classname="selenjenk.seleniumjenkinss" name="testIndiapost" time="0.0">
    <ignored/>
  </testcase> <!-- testIndiapost -->
  <testcase classname="selenjenk.seleniumjenkinss" name="testGoogle" time="0.0">
    <ignored/>
  </testcase> <!-- testGoogle -->
</testsuite> <!-- Test1 -->
