<?xml version="1.0" encoding="UTF-8"?>
<!-- Generated by org.testng.reporters.JUnitXMLReporter -->
<testsuite ignored="0" hostname="LAPTOP-3I1HTUO8" failures="0" tests="3" name="Default test" time="18.967" errors="0" timestamp="2025-04-03T11:34:18 IST">
  <testcase classname="selenjenk.seleniumjenkinss" name="google" time="8.751"/>
  <testcase classname="selenjenk.seleniumjenkinss" name="testGoogle" time="0.788"/>
  <testcase classname="selenjenk.seleniumjenkinss" name="testIndiapost" time="0.157"/>
</testsuite> <!-- Default test -->
