<?xml version="1.0" encoding="UTF-8"?>
<!-- Generated by org.testng.reporters.JUnitXMLReporter -->
<testsuite ignored="0" hostname="LAPTOP-3I1HTUO8" failures="0" tests="3" name="Default test" time="11.847" errors="0" timestamp="2025-04-02T16:57:57 IST">
  <testcase classname="selenjenk.seleniumjenkinss" name="google" time="9.038"/>
  <testcase classname="selenjenk.seleniumjenkinss" name="testGoogle" time="0.895"/>
  <testcase classname="selenjenk.seleniumjenkinss" name="testindiapost" time="1.849"/>
</testsuite> <!-- Default test -->
