<?xml version="1.0" encoding="UTF-8"?>
<!-- Generated by org.testng.reporters.JUnitXMLReporter -->
<testsuite ignored="1" hostname="LAPTOP-3I1HTUO8" failures="0" tests="2" name="Test" time="12.467" errors="0" timestamp="2025-04-02T15:00:20 IST">
  <testcase classname="selenjenk.seleniumjenkinss" name="testindiapost" time="3.016"/>
  <testcase classname="selenjenk.seleniumjenkinss" name="google" time="9.412"/>
  <testcase classname="selenjenk.seleniumjenkinss" name="testGoogle" time="0.0">
    <ignored/>
  </testcase> <!-- testGoogle -->
</testsuite> <!-- Test -->
