<?xml version="1.0" encoding="UTF-8"?>
<testng-results ignored="1" total="3" passed="2" failed="0" skipped="0">
  <reporter-output>
  </reporter-output>
  <suite started-at="2025-04-02T15:11:02 IST" name="DemoSuite" finished-at="2025-04-02T15:11:14 IST" duration-ms="11349">
    <groups>
    </groups>
    <test started-at="2025-04-02T15:11:02 IST" name="Test" finished-at="2025-04-02T15:11:14 IST" duration-ms="11349">
      <class name="selenjenk.seleniumjenkinss">
        <test-method signature="testindiapost()[pri:0, instance:selenjenk.seleniumjenkinss@ebaa6cb]" started-at="2025-04-02T15:11:02 IST" name="testindiapost" finished-at="2025-04-02T15:11:04 IST" duration-ms="1802" status="PASS">
          <reporter-output>
          </reporter-output>
        </test-method> <!-- testindiapost -->
        <test-method signature="google()[pri:0, instance:selenjenk.seleniumjenkinss@ebaa6cb]" started-at="2025-04-02T15:11:04 IST" name="google" finished-at="2025-04-02T15:11:14 IST" duration-ms="9511" status="PASS">
          <reporter-output>
          </reporter-output>
        </test-method> <!-- google -->
      </class> <!-- selenjenk.seleniumjenkinss -->
    </test> <!-- Test -->
  </suite> <!-- DemoSuite -->
</testng-results>
