<?xml version="1.0" encoding="UTF-8"?>
<testng-results ignored="0" total="2" passed="2" failed="0" skipped="0">
  <reporter-output>
  </reporter-output>
  <suite started-at="2025-04-02T14:43:34 IST" name="DemoSuite" finished-at="2025-04-02T14:43:44 IST" duration-ms="10142">
    <groups>
    </groups>
    <test started-at="2025-04-02T14:43:34 IST" name="Test" finished-at="2025-04-02T14:43:44 IST" duration-ms="10142">
      <class name="selenium_jenkins.jenkinsselenium">
        <test-method signature="testGoogle()[pri:0, instance:selenium_jenkins.jenkinsselenium@1c32386d]" started-at="2025-04-02T14:43:34 IST" name="testGoogle" finished-at="2025-04-02T14:43:35 IST" duration-ms="1077" status="PASS">
          <reporter-output>
          </reporter-output>
        </test-method> <!-- testGoogle -->
        <test-method signature="google()[pri:0, instance:selenium_jenkins.jenkinsselenium@1c32386d]" started-at="2025-04-02T14:43:35 IST" name="google" finished-at="2025-04-02T14:43:44 IST" duration-ms="8992" status="PASS">
          <reporter-output>
          </reporter-output>
        </test-method> <!-- google -->
      </class> <!-- selenium_jenkins.jenkinsselenium -->
    </test> <!-- Test -->
  </suite> <!-- DemoSuite -->
</testng-results>
