<?xml version="1.0" encoding="UTF-8"?>
<!-- Generated by org.testng.reporters.JUnitXMLReporter -->
<testsuite ignored="2" hostname="LAPTOP-3I1HTUO8" failures="0" tests="0" time="0.024" errors="0" timestamp="2025-04-02T15:53:51 IST">
  <testcase classname="selenium_jenkins.jenkinsselenium" name="google" time="0.0">
    <ignored/>
  </testcase> <!-- google -->
  <testcase classname="selenium_jenkins.jenkinsselenium" name="testGoogle" time="0.0">
    <ignored/>
  </testcase> <!-- testGoogle -->
</testsuite>
